Connecting to database specified by database.yml
  [1m[36m (26.7ms)[0m  [1mselect sqlite_version(*)[0m
  [1m[35m (62.1ms)[0m  CREATE TABLE "folders" ("id" INTEGER PRIMARY KEY AUTOINCREMENT NOT NULL, "name" varchar(255), "parent_id" integer, "created_at" datetime NOT NULL, "updated_at" datetime NOT NULL) 
  [1m[36m (55.7ms)[0m  [1mCREATE TABLE "groups" ("id" INTEGER PRIMARY KEY AUTOINCREMENT NOT NULL, "name" varchar(255), "created_at" datetime NOT NULL, "updated_at" datetime NOT NULL) [0m
  [1m[35m (75.6ms)[0m  CREATE TABLE "groups_users" ("group_id" integer, "user_id" integer) 
  [1m[36m (63.6ms)[0m  [1mCREATE TABLE "permissions" ("id" INTEGER PRIMARY KEY AUTOINCREMENT NOT NULL, "folder_id" integer, "group_id" integer, "can_create" boolean, "can_read" boolean, "can_update" boolean, "can_delete" boolean) [0m
  [1m[35m (92.3ms)[0m  CREATE TABLE "share_links" ("id" INTEGER PRIMARY KEY AUTOINCREMENT NOT NULL, "emails" varchar(255), "link_token" varchar(255), "link_expires_at" datetime, "user_file_id" integer, "created_at" datetime NOT NULL, "updated_at" datetime NOT NULL) 
  [1m[36m (62.8ms)[0m  [1mCREATE TABLE "user_files" ("id" INTEGER PRIMARY KEY AUTOINCREMENT NOT NULL, "attachment_file_name" varchar(255), "attachment_content_type" varchar(255), "attachment_file_size" integer, "attachment_updated_at" datetime, "folder_id" integer, "created_at" datetime NOT NULL, "updated_at" datetime NOT NULL) [0m
  [1m[35m (52.5ms)[0m  CREATE TABLE "users" ("id" INTEGER PRIMARY KEY AUTOINCREMENT NOT NULL, "name" varchar(255), "email" varchar(255), "hashed_password" varchar(255), "password_salt" varchar(255), "is_admin" boolean(255), "remember_token" varchar(255), "reset_password_token" varchar(255), "reset_password_token_expires_at" datetime, "created_at" datetime NOT NULL, "updated_at" datetime NOT NULL, "signup_token" varchar(255), "signup_token_expires_at" datetime) 
  [1m[36m (83.3ms)[0m  [1mCREATE INDEX "index_users_on_signup_token" ON "users" ("signup_token")[0m
  [1m[35m (60.9ms)[0m  CREATE TABLE "schema_migrations" ("version" varchar(255) NOT NULL) 
  [1m[36m (58.1ms)[0m  [1mCREATE UNIQUE INDEX "unique_schema_migrations" ON "schema_migrations" ("version")[0m
  [1m[35m (0.1ms)[0m  SELECT version FROM "schema_migrations"
  [1m[36m (65.9ms)[0m  [1mINSERT INTO "schema_migrations" (version) VALUES ('20130307082111')[0m
  [1m[35m (49.7ms)[0m  INSERT INTO "schema_migrations" (version) VALUES ('20110106045414')
  [1m[36m (49.7ms)[0m  [1mINSERT INTO "schema_migrations" (version) VALUES ('20100930062939')[0m
  [1m[35m (58.0ms)[0m  INSERT INTO "schema_migrations" (version) VALUES ('20100930091426')
  [1m[36m (66.4ms)[0m  [1mINSERT INTO "schema_migrations" (version) VALUES ('20101002122244')[0m
  [1m[35m (49.6ms)[0m  INSERT INTO "schema_migrations" (version) VALUES ('20120411081345')
  [1m[36m (57.9ms)[0m  [1mINSERT INTO "schema_migrations" (version) VALUES ('20101005071402')[0m
  [1m[35m (58.1ms)[0m  INSERT INTO "schema_migrations" (version) VALUES ('20120411075110')
  [1m[36m (58.0ms)[0m  [1mINSERT INTO "schema_migrations" (version) VALUES ('20101005071508')[0m
  [1m[35m (58.1ms)[0m  INSERT INTO "schema_migrations" (version) VALUES ('20110529123402')
  [1m[36m (58.2ms)[0m  [1mINSERT INTO "schema_migrations" (version) VALUES ('20100930091451')[0m
  [1m[35m (49.8ms)[0m  INSERT INTO "schema_migrations" (version) VALUES ('20110616215033')
  [1m[36m (49.5ms)[0m  [1mINSERT INTO "schema_migrations" (version) VALUES ('20110106045148')[0m
  [1m[35m (0.1ms)[0m  SELECT "schema_migrations"."version" FROM "schema_migrations" 
Connecting to database specified by database.yml
  [1m[36m (0.1ms)[0m  [1mSELECT "schema_migrations"."version" FROM "schema_migrations" [0m
Migrating to CreateUsers (20100930062939)
Migrating to CreateFolders (20100930091426)
Migrating to CreateGroups (20100930091451)
Migrating to CreateUserFiles (20101002122244)
Migrating to CreatePermissions (20101005071402)
Migrating to CreateGroupsUsers (20101005071508)
Migrating to DropColumnUserIdFromFolders (20110106045148)
Migrating to DropColumnUserIdFromUserFiles (20110106045414)
Migrating to DropColumnAccessKeyFromUsers (20110529123402)
Migrating to CreateShareLinks (20110616215033)
Migrating to AddColumnSignupTokenToUsers (20120411075110)
Migrating to AddColumnSignupTokenExpiresAtToUsers (20120411081345)
Migrating to AlterColumnTypeIsAdminFromUsers (20130307082111)
  [1m[35m (0.1ms)[0m  select sqlite_version(*)
  [1m[36m (0.1ms)[0m  [1mSELECT "schema_migrations"."version" FROM "schema_migrations" [0m
Connecting to database specified by database.yml
Connecting to database specified by database.yml


Started GET "/" for 127.0.0.1 at 2013-05-06 15:53:03 +0530
Processing by FoldersController#index as HTML
  [1m[36mUser Load (0.2ms)[0m  [1mSELECT "users".* FROM "users" WHERE "users"."is_admin" = 't' LIMIT 1[0m
Redirected to http://localhost:4000/admins/new
Filter chain halted as :require_admin_in_system rendered or redirected
Completed 302 Found in 86ms (ActiveRecord: 2.4ms)


Started GET "/admins/new" for 127.0.0.1 at 2013-05-06 15:53:03 +0530
Processing by AdminsController#new as HTML
  [1m[35mUser Load (0.2ms)[0m  SELECT "users".* FROM "users" WHERE "users"."is_admin" = 't' LIMIT 1
  Rendered admins/new.html.erb within layouts/application (41.8ms)
Compiled application.css  (0ms)  (pid 17276)
Compiled jquery.js  (2ms)  (pid 17276)
Compiled jquery_ujs.js  (0ms)  (pid 17276)
Compiled jquery-fileupload/vendor/jquery.ui.widget.js  (0ms)  (pid 17276)
Compiled jquery-fileupload/jquery.iframe-transport.js  (0ms)  (pid 17276)
Compiled jquery-fileupload/jquery.fileupload.js  (0ms)  (pid 17276)
Compiled jquery-fileupload/basic.js  (21ms)  (pid 17276)
Compiled jquery-fileupload/vendor/tmpl.js  (0ms)  (pid 17276)
Compiled files.js  (36ms)  (pid 17276)
Compiled application.js  (270ms)  (pid 17276)
  [1m[36mUser Load (0.2ms)[0m  [1mSELECT "users".* FROM "users" WHERE "users"."id" IS NULL LIMIT 1[0m
  Rendered shared/_header.html.erb (2.0ms)
  [1m[35mCACHE (0.0ms)[0m  SELECT "users".* FROM "users" WHERE "users"."id" IS NULL LIMIT 1
  Rendered shared/_menu.html.erb (1.4ms)
  Rendered shared/_footer.html.erb (0.3ms)
Completed 200 OK in 459ms (Views: 446.0ms | ActiveRecord: 0.5ms)


Started GET "/assets/application.css?body=1" for 127.0.0.1 at 2013-05-06 15:53:03 +0530
Served asset /application.css - 200 OK (2ms)


Started GET "/assets/jquery.js?body=1" for 127.0.0.1 at 2013-05-06 15:53:03 +0530
Served asset /jquery.js - 304 Not Modified (8ms)


Started GET "/assets/jquery-fileupload/vendor/jquery.ui.widget.js?body=1" for 127.0.0.1 at 2013-05-06 15:53:03 +0530
Served asset /jquery-fileupload/vendor/jquery.ui.widget.js - 200 OK (7ms)


Started GET "/assets/jquery-fileupload/jquery.iframe-transport.js?body=1" for 127.0.0.1 at 2013-05-06 15:53:03 +0530
Served asset /jquery-fileupload/jquery.iframe-transport.js - 200 OK (2ms)


Started GET "/assets/jquery_ujs.js?body=1" for 127.0.0.1 at 2013-05-06 15:53:03 +0530
Served asset /jquery_ujs.js - 304 Not Modified (35ms)


Started GET "/assets/files.js?body=1" for 127.0.0.1 at 2013-05-06 15:53:03 +0530
Served asset /files.js - 200 OK (1ms)


Started GET "/assets/jquery-fileupload/vendor/tmpl.js?body=1" for 127.0.0.1 at 2013-05-06 15:53:03 +0530
Served asset /jquery-fileupload/vendor/tmpl.js - 200 OK (4ms)


Started GET "/assets/jquery-fileupload/basic.js?body=1" for 127.0.0.1 at 2013-05-06 15:53:03 +0530
Served asset /jquery-fileupload/basic.js - 200 OK (5ms)


Started GET "/assets/application.js?body=1" for 127.0.0.1 at 2013-05-06 15:53:03 +0530
Served asset /application.js - 200 OK (23ms)


Started GET "/assets/jquery-fileupload/jquery.fileupload.js?body=1" for 127.0.0.1 at 2013-05-06 15:53:03 +0530
Served asset /jquery-fileupload/jquery.fileupload.js - 200 OK (2ms)


Started GET "/assets/logo.png" for 127.0.0.1 at 2013-05-06 15:53:04 +0530
Served asset /logo.png - 200 OK (5ms)


Started POST "/admins" for 127.0.0.1 at 2013-05-06 15:53:18 +0530
Processing by AdminsController#create as HTML
  Parameters: {"utf8"=>"✓", "authenticity_token"=>"/asdCpkX1222fDfcioEkAeIhQcp8Bs6qkybXPbdQosI=", "user"=>{"name"=>"admin", "email"=>"admin@admin.com", "password"=>"[FILTERED]", "password_confirmation"=>"[FILTERED]"}, "commit"=>"Create admin account"}
  [1m[36mUser Load (0.2ms)[0m  [1mSELECT "users".* FROM "users" WHERE "users"."is_admin" = 't' LIMIT 1[0m
  [1m[35m (0.2ms)[0m  begin transaction
  [1m[36mUser Exists (0.2ms)[0m  [1mSELECT 1 AS one FROM "users" WHERE "users"."name" = 'admin' LIMIT 1[0m
  [1m[35mUser Exists (0.0ms)[0m  SELECT 1 AS one FROM "users" WHERE "users"."email" = 'admin@admin.com' LIMIT 1
Binary data inserted for `string` type on column `hashed_password`
Binary data inserted for `string` type on column `signup_token`
  [1m[36mSQL (0.8ms)[0m  [1mINSERT INTO "users" ("created_at", "email", "hashed_password", "is_admin", "name", "password_salt", "remember_token", "reset_password_token", "reset_password_token_expires_at", "signup_token", "signup_token_expires_at", "updated_at") VALUES (?, ?, ?, ?, ?, ?, ?, ?, ?, ?, ?, ?)[0m  [["created_at", Mon, 06 May 2013 10:23:18 UTC +00:00], ["email", "admin@admin.com"], ["hashed_password", "0df074187df0568319c694094f657c243c65547d30c0f8c6d8a502e3f9afe0f3"], ["is_admin", true], ["name", "admin"], ["password_salt", "KQ9zTgpO//dvIleJtAA0Q7ig042QgHX6LZqPumm6sPs="], ["remember_token", nil], ["reset_password_token", nil], ["reset_password_token_expires_at", nil], ["signup_token", "ea453fb1f68ef9974e3f"], ["signup_token_expires_at", Mon, 20 May 2013 10:23:18 UTC +00:00], ["updated_at", Mon, 06 May 2013 10:23:18 UTC +00:00]]
  [1m[35mFolder Exists (0.1ms)[0m  SELECT 1 AS one FROM "folders" WHERE ("folders"."name" = 'Root folder' AND "folders"."parent_id" IS NULL) LIMIT 1
  [1m[36mSQL (0.8ms)[0m  [1mINSERT INTO "folders" ("created_at", "name", "parent_id", "updated_at") VALUES (?, ?, ?, ?)[0m  [["created_at", Mon, 06 May 2013 10:23:18 UTC +00:00], ["name", "Root folder"], ["parent_id", nil], ["updated_at", Mon, 06 May 2013 10:23:18 UTC +00:00]]
  [1m[35mGroup Exists (0.1ms)[0m  SELECT 1 AS one FROM "groups" WHERE "groups"."name" = 'Admins' LIMIT 1
  [1m[36mSQL (0.3ms)[0m  [1mINSERT INTO "groups" ("created_at", "name", "updated_at") VALUES (?, ?, ?)[0m  [["created_at", Mon, 06 May 2013 10:23:18 UTC +00:00], ["name", "Admins"], ["updated_at", Mon, 06 May 2013 10:23:18 UTC +00:00]]
  [1m[35mFolder Load (0.1ms)[0m  SELECT "folders".* FROM "folders" ORDER BY "folders"."id" ASC LIMIT 1000
  [1m[36mSQL (0.2ms)[0m  [1mINSERT INTO "permissions" ("can_create", "can_delete", "can_read", "can_update", "folder_id", "group_id") VALUES (?, ?, ?, ?, ?, ?)[0m  [["can_create", true], ["can_delete", true], ["can_read", true], ["can_update", true], ["folder_id", 1], ["group_id", 1]]
  [1m[35m (0.1ms)[0m  INSERT INTO "groups_users" ("user_id", "group_id") VALUES (1, 1)
  [1m[36m (98.8ms)[0m  [1mcommit transaction[0m
Redirected to http://localhost:4000/sessions/new
Completed 302 Found in 311ms (ActiveRecord: 103.0ms)


Started GET "/sessions/new" for 127.0.0.1 at 2013-05-06 15:53:18 +0530
Processing by SessionsController#new as HTML
  [1m[35mUser Load (0.2ms)[0m  SELECT "users".* FROM "users" WHERE "users"."is_admin" = 't' LIMIT 1
  Rendered sessions/new.html.erb within layouts/application (2.0ms)
  [1m[36mUser Load (0.2ms)[0m  [1mSELECT "users".* FROM "users" WHERE "users"."id" IS NULL LIMIT 1[0m
  Rendered shared/_header.html.erb (1.5ms)
  [1m[35mCACHE (0.0ms)[0m  SELECT "users".* FROM "users" WHERE "users"."id" IS NULL LIMIT 1
  Rendered shared/_menu.html.erb (0.4ms)
  Rendered shared/_footer.html.erb (0.0ms)
Completed 200 OK in 22ms (Views: 20.6ms | ActiveRecord: 0.4ms)


Started GET "/assets/application.css?body=1" for 127.0.0.1 at 2013-05-06 15:53:19 +0530
Served asset /application.css - 304 Not Modified (0ms)


Started GET "/assets/jquery.js?body=1" for 127.0.0.1 at 2013-05-06 15:53:19 +0530
Served asset /jquery.js - 304 Not Modified (0ms)


Started GET "/assets/jquery_ujs.js?body=1" for 127.0.0.1 at 2013-05-06 15:53:19 +0530
Served asset /jquery_ujs.js - 304 Not Modified (0ms)


Started GET "/assets/jquery-fileupload/jquery.iframe-transport.js?body=1" for 127.0.0.1 at 2013-05-06 15:53:19 +0530
Served asset /jquery-fileupload/jquery.iframe-transport.js - 304 Not Modified (0ms)


Started GET "/assets/jquery-fileupload/jquery.fileupload.js?body=1" for 127.0.0.1 at 2013-05-06 15:53:19 +0530
Served asset /jquery-fileupload/jquery.fileupload.js - 304 Not Modified (0ms)


Started GET "/assets/jquery-fileupload/vendor/jquery.ui.widget.js?body=1" for 127.0.0.1 at 2013-05-06 15:53:19 +0530
Served asset /jquery-fileupload/vendor/jquery.ui.widget.js - 304 Not Modified (0ms)


Started GET "/assets/jquery-fileupload/vendor/tmpl.js?body=1" for 127.0.0.1 at 2013-05-06 15:53:19 +0530
Served asset /jquery-fileupload/vendor/tmpl.js - 304 Not Modified (0ms)


Started GET "/assets/jquery-fileupload/basic.js?body=1" for 127.0.0.1 at 2013-05-06 15:53:19 +0530
Served asset /jquery-fileupload/basic.js - 304 Not Modified (2ms)


Started GET "/assets/files.js?body=1" for 127.0.0.1 at 2013-05-06 15:53:19 +0530
Served asset /files.js - 304 Not Modified (0ms)


Started GET "/assets/application.js?body=1" for 127.0.0.1 at 2013-05-06 15:53:19 +0530
Served asset /application.js - 304 Not Modified (2ms)


Started GET "/assets/information.png" for 127.0.0.1 at 2013-05-06 15:53:19 +0530
Served asset /information.png - 200 OK (5ms)


Started POST "/sessions" for 127.0.0.1 at 2013-05-06 15:53:26 +0530
Processing by SessionsController#create as HTML
  Parameters: {"utf8"=>"✓", "authenticity_token"=>"/asdCpkX1222fDfcioEkAeIhQcp8Bs6qkybXPbdQosI=", "username"=>"admin", "password"=>"[FILTERED]", "commit"=>"Sign in"}
  [1m[36mUser Load (0.2ms)[0m  [1mSELECT "users".* FROM "users" WHERE "users"."is_admin" = 't' LIMIT 1[0m
  [1m[35mUser Load (0.2ms)[0m  SELECT "users".* FROM "users" WHERE "users"."name" = 'admin' LIMIT 1
Redirected to http://localhost:4000/folders
Completed 302 Found in 3ms (ActiveRecord: 0.4ms)


Started GET "/folders" for 127.0.0.1 at 2013-05-06 15:53:26 +0530
Processing by FoldersController#index as HTML
  [1m[36mUser Load (0.3ms)[0m  [1mSELECT "users".* FROM "users" WHERE "users"."is_admin" = 't' LIMIT 1[0m
  [1m[35mUser Load (0.1ms)[0m  SELECT "users".* FROM "users" WHERE "users"."id" = 1 LIMIT 1
  [1m[36mFolder Load (0.1ms)[0m  [1mSELECT "folders".* FROM "folders" WHERE "folders"."name" = 'Root folder' AND "folders"."parent_id" IS NULL LIMIT 1[0m
Redirected to http://localhost:4000/folders/1
Completed 302 Found in 4ms (ActiveRecord: 0.5ms)


Started GET "/folders/1" for 127.0.0.1 at 2013-05-06 15:53:27 +0530
Processing by FoldersController#show as HTML
  Parameters: {"id"=>"1"}
  [1m[35mUser Load (0.3ms)[0m  SELECT "users".* FROM "users" WHERE "users"."is_admin" = 't' LIMIT 1
  [1m[36mUser Load (0.2ms)[0m  [1mSELECT "users".* FROM "users" WHERE "users"."id" = 1 LIMIT 1[0m
  [1m[35mFolder Load (0.2ms)[0m  SELECT "folders".* FROM "folders" WHERE "folders"."id" = ? LIMIT 1  [["id", "1"]]
  [1m[36mGroup Load (0.5ms)[0m  [1mSELECT "groups".* FROM "groups" INNER JOIN "groups_users" ON "groups"."id" = "groups_users"."group_id" WHERE "groups_users"."user_id" = 1[0m
  [1m[35mPermission Load (0.2ms)[0m  SELECT "permissions".* FROM "permissions" WHERE "permissions"."group_id" IN (1) AND "permissions"."folder_id" = 1
  [1m[36mGroup Load (0.2ms)[0m  [1mSELECT "groups".* FROM "groups" INNER JOIN "groups_users" ON "groups"."id" = "groups_users"."group_id" WHERE "groups_users"."user_id" = 1 AND "groups"."name" = 'Admins' LIMIT 1[0m
  [1m[35mFolder Load (0.2ms)[0m  SELECT "folders".* FROM "folders" WHERE "folders"."parent_id" = 1 ORDER BY name
  [1m[36mUserFile Load (0.2ms)[0m  [1mSELECT "user_files".* FROM "user_files" WHERE "user_files"."folder_id" = 1 ORDER BY attachment_file_name[0m
  [1m[35mCACHE (0.0ms)[0m  SELECT "groups".* FROM "groups" INNER JOIN "groups_users" ON "groups"."id" = "groups_users"."group_id" WHERE "groups_users"."user_id" = 1 AND "groups"."name" = 'Admins' LIMIT 1
  [1m[36mPermission Load (0.3ms)[0m  [1mSELECT "permissions".* FROM "permissions" WHERE "permissions"."folder_id" = 1[0m
  [1m[35mGroup Load (0.1ms)[0m  SELECT "groups".* FROM "groups" WHERE "groups"."id" = 1 LIMIT 1
  Rendered permissions/_form.html.erb (6.0ms)
  Rendered clipboard/_clipboard_empty.en.html.erb (0.4ms)
  Rendered clipboard/_show.html.erb (4.1ms)
  Rendered folders/show.html.erb within layouts/application (91.2ms)
  Rendered shared/_header.html.erb (1.1ms)
  [1m[36mCACHE (0.0ms)[0m  [1mSELECT "groups".* FROM "groups" INNER JOIN "groups_users" ON "groups"."id" = "groups_users"."group_id" WHERE "groups_users"."user_id" = 1 AND "groups"."name" = 'Admins' LIMIT 1[0m
  Rendered shared/_menu.html.erb (2.1ms)
  Rendered shared/_footer.html.erb (0.0ms)
Completed 200 OK in 150ms (Views: 143.2ms | ActiveRecord: 2.8ms)


Started GET "/assets/application.css?body=1" for 127.0.0.1 at 2013-05-06 15:53:27 +0530
Served asset /application.css - 304 Not Modified (0ms)


Started GET "/assets/jquery.js?body=1" for 127.0.0.1 at 2013-05-06 15:53:27 +0530
Served asset /jquery.js - 304 Not Modified (0ms)


Started GET "/assets/jquery-fileupload/vendor/jquery.ui.widget.js?body=1" for 127.0.0.1 at 2013-05-06 15:53:27 +0530
Served asset /jquery-fileupload/vendor/jquery.ui.widget.js - 304 Not Modified (5ms)


Started GET "/assets/jquery-fileupload/jquery.iframe-transport.js?body=1" for 127.0.0.1 at 2013-05-06 15:53:27 +0530
Served asset /jquery-fileupload/jquery.iframe-transport.js - 304 Not Modified (0ms)


Started GET "/assets/jquery_ujs.js?body=1" for 127.0.0.1 at 2013-05-06 15:53:27 +0530
Served asset /jquery_ujs.js - 304 Not Modified (3ms)


Started GET "/assets/jquery-fileupload/jquery.fileupload.js?body=1" for 127.0.0.1 at 2013-05-06 15:53:27 +0530
Served asset /jquery-fileupload/jquery.fileupload.js - 304 Not Modified (0ms)


Started GET "/assets/jquery-fileupload/basic.js?body=1" for 127.0.0.1 at 2013-05-06 15:53:27 +0530
Served asset /jquery-fileupload/basic.js - 304 Not Modified (0ms)


Started GET "/assets/jquery-fileupload/vendor/tmpl.js?body=1" for 127.0.0.1 at 2013-05-06 15:53:27 +0530
Served asset /jquery-fileupload/vendor/tmpl.js - 304 Not Modified (2ms)


Started GET "/assets/application.js?body=1" for 127.0.0.1 at 2013-05-06 15:53:27 +0530
Served asset /application.js - 304 Not Modified (2ms)


Started GET "/assets/folder_add.png" for 127.0.0.1 at 2013-05-06 15:53:27 +0530
Served asset /folder_add.png - 200 OK (8ms)


Started GET "/assets/files.js?body=1" for 127.0.0.1 at 2013-05-06 15:53:27 +0530
Served asset /files.js - 304 Not Modified (0ms)


Started GET "/assets/permissions.png" for 127.0.0.1 at 2013-05-06 15:53:27 +0530
Served asset /permissions.png - 200 OK (11ms)


Started GET "/assets/file_add.png" for 127.0.0.1 at 2013-05-06 15:53:27 +0530
Served asset /file_add.png - 200 OK (5ms)


Started GET "/assets/clipboard.png" for 127.0.0.1 at 2013-05-06 15:53:27 +0530
Served asset /clipboard.png - 200 OK (5ms)


Started GET "/assets/group_grey.png" for 127.0.0.1 at 2013-05-06 15:53:27 +0530
Served asset /group_grey.png - 200 OK (9ms)


Started GET "/folders/1/files/new" for 127.0.0.1 at 2013-05-06 15:53:30 +0530
Processing by FilesController#new as HTML
  Parameters: {"folder_id"=>"1"}
  [1m[35mUser Load (0.3ms)[0m  SELECT "users".* FROM "users" WHERE "users"."is_admin" = 't' LIMIT 1
  [1m[36mUser Load (0.1ms)[0m  [1mSELECT "users".* FROM "users" WHERE "users"."id" = 1 LIMIT 1[0m
  [1m[35mFolder Load (0.1ms)[0m  SELECT "folders".* FROM "folders" WHERE "folders"."id" = ? LIMIT 1  [["id", "1"]]
  [1m[36mGroup Load (0.1ms)[0m  [1mSELECT "groups".* FROM "groups" INNER JOIN "groups_users" ON "groups"."id" = "groups_users"."group_id" WHERE "groups_users"."user_id" = 1[0m
  [1m[35mPermission Load (0.1ms)[0m  SELECT "permissions".* FROM "permissions" WHERE "permissions"."group_id" IN (1) AND "permissions"."folder_id" = 1
  Rendered files/new.html.erb within layouts/application (3.0ms)
  Rendered shared/_header.html.erb (1.0ms)
  [1m[36mGroup Load (0.2ms)[0m  [1mSELECT "groups".* FROM "groups" INNER JOIN "groups_users" ON "groups"."id" = "groups_users"."group_id" WHERE "groups_users"."user_id" = 1 AND "groups"."name" = 'Admins' LIMIT 1[0m
  Rendered shared/_menu.html.erb (2.2ms)
  Rendered shared/_footer.html.erb (0.0ms)
Completed 200 OK in 70ms (Views: 55.4ms | ActiveRecord: 0.9ms)


Started GET "/assets/application.css?body=1" for 127.0.0.1 at 2013-05-06 15:53:30 +0530
Served asset /application.css - 304 Not Modified (6ms)


Started GET "/assets/jquery.js?body=1" for 127.0.0.1 at 2013-05-06 15:53:30 +0530
Served asset /jquery.js - 304 Not Modified (0ms)


Started GET "/assets/jquery-fileupload/vendor/jquery.ui.widget.js?body=1" for 127.0.0.1 at 2013-05-06 15:53:30 +0530
Served asset /jquery-fileupload/vendor/jquery.ui.widget.js - 304 Not Modified (0ms)


Started GET "/assets/jquery_ujs.js?body=1" for 127.0.0.1 at 2013-05-06 15:53:30 +0530
Served asset /jquery_ujs.js - 304 Not Modified (1ms)


Started GET "/assets/jquery-fileupload/jquery.iframe-transport.js?body=1" for 127.0.0.1 at 2013-05-06 15:53:30 +0530
Served asset /jquery-fileupload/jquery.iframe-transport.js - 304 Not Modified (0ms)


Started GET "/assets/jquery-fileupload/jquery.fileupload.js?body=1" for 127.0.0.1 at 2013-05-06 15:53:30 +0530
Served asset /jquery-fileupload/jquery.fileupload.js - 304 Not Modified (0ms)


Started GET "/assets/files.js?body=1" for 127.0.0.1 at 2013-05-06 15:53:30 +0530
Served asset /files.js - 304 Not Modified (2ms)


Started GET "/assets/application.js?body=1" for 127.0.0.1 at 2013-05-06 15:53:30 +0530
Served asset /application.js - 304 Not Modified (6ms)


Started GET "/assets/jquery-fileupload/basic.js?body=1" for 127.0.0.1 at 2013-05-06 15:53:30 +0530
Served asset /jquery-fileupload/basic.js - 304 Not Modified (0ms)


Started GET "/assets/jquery-fileupload/vendor/tmpl.js?body=1" for 127.0.0.1 at 2013-05-06 15:53:30 +0530
Served asset /jquery-fileupload/vendor/tmpl.js - 304 Not Modified (0ms)


Started GET "/file_exists?name=my.doc&folder=1" for 127.0.0.1 at 2013-05-06 15:53:33 +0530
Processing by FilesController#exists as JSON
  Parameters: {"name"=>"my.doc", "folder"=>"1"}
  [1m[35mUser Load (0.2ms)[0m  SELECT "users".* FROM "users" WHERE "users"."is_admin" = 't' LIMIT 1
  [1m[36mUser Load (0.2ms)[0m  [1mSELECT "users".* FROM "users" WHERE "users"."id" = 1 LIMIT 1[0m
  [1m[35mUserFile Exists (0.2ms)[0m  SELECT 1 AS one FROM "user_files" WHERE ("user_files"."attachment_file_name" = 'my.doc' AND "user_files"."folder_id" = 1) LIMIT 1
Completed 200 OK in 6ms (Views: 0.2ms | ActiveRecord: 0.6ms)


Started GET "/assets/spinner.gif" for 127.0.0.1 at 2013-05-06 15:53:33 +0530
Served asset /spinner.gif - 200 OK (6ms)


Started GET "/assets/tick.png" for 127.0.0.1 at 2013-05-06 15:53:33 +0530
Served asset /tick.png - 200 OK (7ms)


Started GET "/assets/failed.png" for 127.0.0.1 at 2013-05-06 15:53:33 +0530
Served asset /failed.png - 200 OK (3ms)


Started POST "/folders/1/files" for 127.0.0.1 at 2013-05-06 15:53:33 +0530
Processing by FilesController#create as HTML
  Parameters: {"utf8"=>"✓", "authenticity_token"=>"/asdCpkX1222fDfcioEkAeIhQcp8Bs6qkybXPbdQosI=", "target_folder_id"=>"1", "user_file"=>{"attachment"=>#<ActionDispatch::Http::UploadedFile:0xb6029ebc @original_filename="my.doc", @content_type="application/msword", @headers="Content-Disposition: form-data; name=\"user_file[attachment]\"; filename=\"my.doc\"\r\nContent-Type: application/msword\r\n", @tempfile=#<File:/tmp/RackMultipart20130506-17276-h41nk>>}, "folder_id"=>"1"}
  [1m[36mUser Load (0.3ms)[0m  [1mSELECT "users".* FROM "users" WHERE "users"."is_admin" = 't' LIMIT 1[0m
  [1m[35mUser Load (0.1ms)[0m  SELECT "users".* FROM "users" WHERE "users"."id" = 1 LIMIT 1
  [1m[36mFolder Load (0.1ms)[0m  [1mSELECT "folders".* FROM "folders" WHERE "folders"."id" = ? LIMIT 1[0m  [["id", "1"]]
  [1m[35mGroup Load (0.1ms)[0m  SELECT "groups".* FROM "groups" INNER JOIN "groups_users" ON "groups"."id" = "groups_users"."group_id" WHERE "groups_users"."user_id" = 1
  [1m[36mPermission Load (0.1ms)[0m  [1mSELECT "permissions".* FROM "permissions" WHERE "permissions"."group_id" IN (1) AND "permissions"."folder_id" = 1[0m
  [1m[35m (0.0ms)[0m  begin transaction
  [1m[36mUserFile Exists (0.2ms)[0m  [1mSELECT 1 AS one FROM "user_files" WHERE ("user_files"."attachment_file_name" = 'my.doc' AND "user_files"."folder_id" IS NULL) LIMIT 1[0m
  [1m[35mUserFile Exists (0.1ms)[0m  SELECT 1 AS one FROM "user_files" WHERE ("user_files"."attachment_file_name" = 'my.doc' AND "user_files"."folder_id" = 1) LIMIT 1
Binary data inserted for `string` type on column `attachment_content_type`
  [1m[36mSQL (0.5ms)[0m  [1mINSERT INTO "user_files" ("attachment_content_type", "attachment_file_name", "attachment_file_size", "attachment_updated_at", "created_at", "folder_id", "updated_at") VALUES (?, ?, ?, ?, ?, ?, ?)[0m  [["attachment_content_type", "application/msword"], ["attachment_file_name", "my.doc"], ["attachment_file_size", 55808], ["attachment_updated_at", Mon, 06 May 2013 10:23:33 UTC +00:00], ["created_at", Mon, 06 May 2013 10:23:33 UTC +00:00], ["folder_id", 1], ["updated_at", Mon, 06 May 2013 10:23:33 UTC +00:00]]
[paperclip] Saving attachments.
  [1m[35m (59.3ms)[0m  commit transaction
  Rendered text template (0.0ms)
Completed 200 OK in 111ms (Views: 2.4ms | ActiveRecord: 60.9ms)


Started GET "/folders/1" for 127.0.0.1 at 2013-05-06 15:53:34 +0530
Processing by FoldersController#show as HTML
  Parameters: {"id"=>"1"}
  [1m[36mUser Load (0.3ms)[0m  [1mSELECT "users".* FROM "users" WHERE "users"."is_admin" = 't' LIMIT 1[0m
  [1m[35mUser Load (0.2ms)[0m  SELECT "users".* FROM "users" WHERE "users"."id" = 1 LIMIT 1
  [1m[36mFolder Load (0.1ms)[0m  [1mSELECT "folders".* FROM "folders" WHERE "folders"."id" = ? LIMIT 1[0m  [["id", "1"]]
  [1m[35mGroup Load (0.2ms)[0m  SELECT "groups".* FROM "groups" INNER JOIN "groups_users" ON "groups"."id" = "groups_users"."group_id" WHERE "groups_users"."user_id" = 1
  [1m[36mPermission Load (0.2ms)[0m  [1mSELECT "permissions".* FROM "permissions" WHERE "permissions"."group_id" IN (1) AND "permissions"."folder_id" = 1[0m
  [1m[35mGroup Load (0.3ms)[0m  SELECT "groups".* FROM "groups" INNER JOIN "groups_users" ON "groups"."id" = "groups_users"."group_id" WHERE "groups_users"."user_id" = 1 AND "groups"."name" = 'Admins' LIMIT 1
  [1m[36mFolder Load (0.2ms)[0m  [1mSELECT "folders".* FROM "folders" WHERE "folders"."parent_id" = 1 ORDER BY name[0m
  [1m[35mUserFile Load (0.2ms)[0m  SELECT "user_files".* FROM "user_files" WHERE "user_files"."folder_id" = 1 ORDER BY attachment_file_name
  [1m[36mCACHE (0.0ms)[0m  [1mSELECT "permissions".* FROM "permissions" WHERE "permissions"."group_id" IN (1) AND "permissions"."folder_id" = 1[0m
  [1m[35mFolder Load (0.2ms)[0m  SELECT "folders".* FROM "folders" WHERE "folders"."id" = 1 LIMIT 1
  [1m[36mCACHE (0.0ms)[0m  [1mSELECT "permissions".* FROM "permissions" WHERE "permissions"."group_id" IN (1) AND "permissions"."folder_id" = 1[0m
  [1m[35mCACHE (0.0ms)[0m  SELECT "permissions".* FROM "permissions" WHERE "permissions"."group_id" IN (1) AND "permissions"."folder_id" = 1
  [1m[36mCACHE (0.0ms)[0m  [1mSELECT "groups".* FROM "groups" INNER JOIN "groups_users" ON "groups"."id" = "groups_users"."group_id" WHERE "groups_users"."user_id" = 1 AND "groups"."name" = 'Admins' LIMIT 1[0m
  [1m[35mPermission Load (0.2ms)[0m  SELECT "permissions".* FROM "permissions" WHERE "permissions"."folder_id" = 1
  [1m[36mGroup Load (0.1ms)[0m  [1mSELECT "groups".* FROM "groups" WHERE "groups"."id" = 1 LIMIT 1[0m
  Rendered permissions/_form.html.erb (3.1ms)
  Rendered clipboard/_clipboard_empty.en.html.erb (0.1ms)
  Rendered clipboard/_show.html.erb (0.7ms)
  Rendered folders/show.html.erb within layouts/application (36.7ms)
  Rendered shared/_header.html.erb (0.9ms)
  [1m[35mCACHE (0.0ms)[0m  SELECT "groups".* FROM "groups" INNER JOIN "groups_users" ON "groups"."id" = "groups_users"."group_id" WHERE "groups_users"."user_id" = 1 AND "groups"."name" = 'Admins' LIMIT 1
  Rendered shared/_menu.html.erb (2.1ms)
  Rendered shared/_footer.html.erb (0.0ms)
Completed 200 OK in 59ms (Views: 54.4ms | ActiveRecord: 2.0ms)


Started GET "/assets/application.css?body=1" for 127.0.0.1 at 2013-05-06 15:53:34 +0530
Served asset /application.css - 304 Not Modified (0ms)


Started GET "/assets/jquery.js?body=1" for 127.0.0.1 at 2013-05-06 15:53:34 +0530
Served asset /jquery.js - 304 Not Modified (0ms)


Started GET "/assets/jquery_ujs.js?body=1" for 127.0.0.1 at 2013-05-06 15:53:34 +0530
Served asset /jquery_ujs.js - 304 Not Modified (4ms)


Started GET "/assets/jquery-fileupload/vendor/jquery.ui.widget.js?body=1" for 127.0.0.1 at 2013-05-06 15:53:34 +0530
Served asset /jquery-fileupload/vendor/jquery.ui.widget.js - 304 Not Modified (0ms)


Started GET "/assets/jquery-fileupload/jquery.fileupload.js?body=1" for 127.0.0.1 at 2013-05-06 15:53:34 +0530
Served asset /jquery-fileupload/jquery.fileupload.js - 304 Not Modified (0ms)


Started GET "/assets/jquery-fileupload/vendor/tmpl.js?body=1" for 127.0.0.1 at 2013-05-06 15:53:34 +0530
Served asset /jquery-fileupload/vendor/tmpl.js - 304 Not Modified (0ms)


Started GET "/assets/application.js?body=1" for 127.0.0.1 at 2013-05-06 15:53:34 +0530
Served asset /application.js - 304 Not Modified (7ms)


Started GET "/assets/jquery-fileupload/basic.js?body=1" for 127.0.0.1 at 2013-05-06 15:53:34 +0530
Served asset /jquery-fileupload/basic.js - 304 Not Modified (0ms)


Started GET "/assets/jquery-fileupload/jquery.iframe-transport.js?body=1" for 127.0.0.1 at 2013-05-06 15:53:34 +0530
Served asset /jquery-fileupload/jquery.iframe-transport.js - 304 Not Modified (0ms)


Started GET "/assets/files.js?body=1" for 127.0.0.1 at 2013-05-06 15:53:34 +0530
Served asset /files.js - 304 Not Modified (0ms)


Started GET "/assets/fileicons/doc.png" for 127.0.0.1 at 2013-05-06 15:53:34 +0530
Served asset /fileicons/doc.png - 200 OK (7ms)


Started GET "/assets/edit.png" for 127.0.0.1 at 2013-05-06 15:53:34 +0530
Served asset /edit.png - 200 OK (10ms)


Started GET "/assets/delete.png" for 127.0.0.1 at 2013-05-06 15:53:34 +0530
Served asset /delete.png - 200 OK (5ms)


Started GET "/assets/clipboard_add.png" for 127.0.0.1 at 2013-05-06 15:53:34 +0530
Served asset /clipboard_add.png - 200 OK (5ms)


Started GET "/assets/share.png" for 127.0.0.1 at 2013-05-06 15:53:34 +0530
Served asset /share.png - 200 OK (4ms)


Started GET "/files/1" for 127.0.0.1 at 2013-05-06 15:53:35 +0530
Processing by FilesController#show as HTML
  Parameters: {"id"=>"1"}
  [1m[36mUser Load (0.2ms)[0m  [1mSELECT "users".* FROM "users" WHERE "users"."is_admin" = 't' LIMIT 1[0m
  [1m[35mUser Load (0.1ms)[0m  SELECT "users".* FROM "users" WHERE "users"."id" = 1 LIMIT 1
  [1m[36mUserFile Load (0.1ms)[0m  [1mSELECT "user_files".* FROM "user_files" WHERE "user_files"."id" = ? LIMIT 1[0m  [["id", "1"]]
  [1m[35mFolder Load (0.1ms)[0m  SELECT "folders".* FROM "folders" WHERE "folders"."id" = 1 LIMIT 1
Sent file /home/Saikiran/Desktop/sai/railsapps/boxroom/uploads/development/1/original/1 (0.1ms)
Completed 200 OK in 4ms (ActiveRecord: 0.5ms)


Started GET "/files/1/edit" for 127.0.0.1 at 2013-05-06 15:53:40 +0530
Processing by FilesController#edit as HTML
  Parameters: {"id"=>"1"}
  [1m[36mUser Load (0.3ms)[0m  [1mSELECT "users".* FROM "users" WHERE "users"."is_admin" = 't' LIMIT 1[0m
  [1m[35mUser Load (0.2ms)[0m  SELECT "users".* FROM "users" WHERE "users"."id" = 1 LIMIT 1
  [1m[36mUserFile Load (0.2ms)[0m  [1mSELECT "user_files".* FROM "user_files" WHERE "user_files"."id" = ? LIMIT 1[0m  [["id", "1"]]
  [1m[35mFolder Load (0.3ms)[0m  SELECT "folders".* FROM "folders" WHERE "folders"."id" = 1 LIMIT 1
  [1m[36mGroup Load (0.2ms)[0m  [1mSELECT "groups".* FROM "groups" INNER JOIN "groups_users" ON "groups"."id" = "groups_users"."group_id" WHERE "groups_users"."user_id" = 1[0m
  [1m[35mPermission Load (0.1ms)[0m  SELECT "permissions".* FROM "permissions" WHERE "permissions"."group_id" IN (1) AND "permissions"."folder_id" = 1
  Rendered files/edit.html.erb within layouts/application (4.2ms)
  Rendered shared/_header.html.erb (0.8ms)
  [1m[36mGroup Load (0.2ms)[0m  [1mSELECT "groups".* FROM "groups" INNER JOIN "groups_users" ON "groups"."id" = "groups_users"."group_id" WHERE "groups_users"."user_id" = 1 AND "groups"."name" = 'Admins' LIMIT 1[0m
  Rendered shared/_menu.html.erb (2.2ms)
  Rendered shared/_footer.html.erb (0.0ms)
Completed 200 OK in 31ms (Views: 23.2ms | ActiveRecord: 1.4ms)


Started GET "/assets/application.css?body=1" for 127.0.0.1 at 2013-05-06 15:53:41 +0530
Served asset /application.css - 304 Not Modified (2ms)


Started GET "/assets/jquery.js?body=1" for 127.0.0.1 at 2013-05-06 15:53:41 +0530
Served asset /jquery.js - 304 Not Modified (0ms)


Started GET "/assets/jquery-fileupload/vendor/jquery.ui.widget.js?body=1" for 127.0.0.1 at 2013-05-06 15:53:41 +0530
Served asset /jquery-fileupload/vendor/jquery.ui.widget.js - 304 Not Modified (2ms)


Started GET "/assets/jquery_ujs.js?body=1" for 127.0.0.1 at 2013-05-06 15:53:41 +0530
Served asset /jquery_ujs.js - 304 Not Modified (2ms)


Started GET "/assets/jquery-fileupload/jquery.iframe-transport.js?body=1" for 127.0.0.1 at 2013-05-06 15:53:41 +0530
Served asset /jquery-fileupload/jquery.iframe-transport.js - 304 Not Modified (6ms)


Started GET "/assets/jquery-fileupload/basic.js?body=1" for 127.0.0.1 at 2013-05-06 15:53:41 +0530
Served asset /jquery-fileupload/basic.js - 304 Not Modified (1ms)


Started GET "/assets/jquery-fileupload/jquery.fileupload.js?body=1" for 127.0.0.1 at 2013-05-06 15:53:41 +0530
Served asset /jquery-fileupload/jquery.fileupload.js - 304 Not Modified (0ms)


Started GET "/assets/jquery-fileupload/vendor/tmpl.js?body=1" for 127.0.0.1 at 2013-05-06 15:53:41 +0530
Served asset /jquery-fileupload/vendor/tmpl.js - 304 Not Modified (0ms)


Started GET "/assets/application.js?body=1" for 127.0.0.1 at 2013-05-06 15:53:41 +0530
Served asset /application.js - 304 Not Modified (2ms)


Started GET "/assets/files.js?body=1" for 127.0.0.1 at 2013-05-06 15:53:41 +0530
Served asset /files.js - 304 Not Modified (0ms)


Started PUT "/files/1" for 127.0.0.1 at 2013-05-06 15:53:42 +0530
Processing by FilesController#update as HTML
  Parameters: {"utf8"=>"✓", "authenticity_token"=>"/asdCpkX1222fDfcioEkAeIhQcp8Bs6qkybXPbdQosI=", "user_file"=>{"attachment_file_name"=>"my.doc"}, "commit"=>"Save", "id"=>"1"}
  [1m[35mUser Load (0.2ms)[0m  SELECT "users".* FROM "users" WHERE "users"."is_admin" = 't' LIMIT 1
  [1m[36mUser Load (0.2ms)[0m  [1mSELECT "users".* FROM "users" WHERE "users"."id" = 1 LIMIT 1[0m
  [1m[35mUserFile Load (0.2ms)[0m  SELECT "user_files".* FROM "user_files" WHERE "user_files"."id" = ? LIMIT 1  [["id", "1"]]
  [1m[36mFolder Load (0.3ms)[0m  [1mSELECT "folders".* FROM "folders" WHERE "folders"."id" = 1 LIMIT 1[0m
  [1m[35mGroup Load (0.2ms)[0m  SELECT "groups".* FROM "groups" INNER JOIN "groups_users" ON "groups"."id" = "groups_users"."group_id" WHERE "groups_users"."user_id" = 1
  [1m[36mPermission Load (0.1ms)[0m  [1mSELECT "permissions".* FROM "permissions" WHERE "permissions"."group_id" IN (1) AND "permissions"."folder_id" = 1[0m
  [1m[35m (0.0ms)[0m  begin transaction
  [1m[36mUserFile Exists (0.3ms)[0m  [1mSELECT 1 AS one FROM "user_files" WHERE ("user_files"."attachment_file_name" = 'my.doc' AND "user_files"."id" != 1 AND "user_files"."folder_id" = 1) LIMIT 1[0m
[paperclip] Saving attachments.
  [1m[35m (0.1ms)[0m  commit transaction
Redirected to http://localhost:4000/files/1/edit
Completed 302 Found in 14ms (ActiveRecord: 1.6ms)


Started GET "/files/1/edit" for 127.0.0.1 at 2013-05-06 15:53:42 +0530
Processing by FilesController#edit as HTML
  Parameters: {"id"=>"1"}
  [1m[36mUser Load (0.2ms)[0m  [1mSELECT "users".* FROM "users" WHERE "users"."is_admin" = 't' LIMIT 1[0m
  [1m[35mUser Load (0.2ms)[0m  SELECT "users".* FROM "users" WHERE "users"."id" = 1 LIMIT 1
  [1m[36mUserFile Load (0.1ms)[0m  [1mSELECT "user_files".* FROM "user_files" WHERE "user_files"."id" = ? LIMIT 1[0m  [["id", "1"]]
  [1m[35mFolder Load (0.1ms)[0m  SELECT "folders".* FROM "folders" WHERE "folders"."id" = 1 LIMIT 1
  [1m[36mGroup Load (0.1ms)[0m  [1mSELECT "groups".* FROM "groups" INNER JOIN "groups_users" ON "groups"."id" = "groups_users"."group_id" WHERE "groups_users"."user_id" = 1[0m
  [1m[35mPermission Load (0.1ms)[0m  SELECT "permissions".* FROM "permissions" WHERE "permissions"."group_id" IN (1) AND "permissions"."folder_id" = 1
  Rendered files/edit.html.erb within layouts/application (1.8ms)
  Rendered shared/_header.html.erb (1.0ms)
  [1m[36mGroup Load (0.2ms)[0m  [1mSELECT "groups".* FROM "groups" INNER JOIN "groups_users" ON "groups"."id" = "groups_users"."group_id" WHERE "groups_users"."user_id" = 1 AND "groups"."name" = 'Admins' LIMIT 1[0m
  Rendered shared/_menu.html.erb (2.3ms)
  Rendered shared/_footer.html.erb (0.0ms)
Completed 200 OK in 63ms (Views: 55.7ms | ActiveRecord: 1.1ms)


Started GET "/assets/application.css?body=1" for 127.0.0.1 at 2013-05-06 15:53:42 +0530
Served asset /application.css - 304 Not Modified (0ms)


Started GET "/assets/jquery.js?body=1" for 127.0.0.1 at 2013-05-06 15:53:42 +0530
Served asset /jquery.js - 304 Not Modified (2ms)


Started GET "/assets/jquery_ujs.js?body=1" for 127.0.0.1 at 2013-05-06 15:53:42 +0530
Served asset /jquery_ujs.js - 304 Not Modified (0ms)


Started GET "/assets/jquery-fileupload/vendor/jquery.ui.widget.js?body=1" for 127.0.0.1 at 2013-05-06 15:53:42 +0530
Served asset /jquery-fileupload/vendor/jquery.ui.widget.js - 304 Not Modified (0ms)


Started GET "/assets/jquery-fileupload/basic.js?body=1" for 127.0.0.1 at 2013-05-06 15:53:42 +0530
Served asset /jquery-fileupload/basic.js - 304 Not Modified (7ms)


Started GET "/assets/jquery-fileupload/jquery.iframe-transport.js?body=1" for 127.0.0.1 at 2013-05-06 15:53:43 +0530
Served asset /jquery-fileupload/jquery.iframe-transport.js - 304 Not Modified (0ms)


Started GET "/assets/jquery-fileupload/vendor/tmpl.js?body=1" for 127.0.0.1 at 2013-05-06 15:53:43 +0530
Served asset /jquery-fileupload/vendor/tmpl.js - 304 Not Modified (0ms)


Started GET "/assets/jquery-fileupload/jquery.fileupload.js?body=1" for 127.0.0.1 at 2013-05-06 15:53:43 +0530
Served asset /jquery-fileupload/jquery.fileupload.js - 304 Not Modified (0ms)


Started GET "/assets/files.js?body=1" for 127.0.0.1 at 2013-05-06 15:53:43 +0530
Served asset /files.js - 304 Not Modified (0ms)


Started GET "/assets/application.js?body=1" for 127.0.0.1 at 2013-05-06 15:53:43 +0530
Served asset /application.js - 304 Not Modified (3ms)


Started GET "/folders/1" for 127.0.0.1 at 2013-05-06 15:53:46 +0530
Processing by FoldersController#show as HTML
  Parameters: {"id"=>"1"}
  [1m[35mUser Load (0.2ms)[0m  SELECT "users".* FROM "users" WHERE "users"."is_admin" = 't' LIMIT 1
  [1m[36mUser Load (0.1ms)[0m  [1mSELECT "users".* FROM "users" WHERE "users"."id" = 1 LIMIT 1[0m
  [1m[35mFolder Load (0.1ms)[0m  SELECT "folders".* FROM "folders" WHERE "folders"."id" = ? LIMIT 1  [["id", "1"]]
  [1m[36mGroup Load (0.3ms)[0m  [1mSELECT "groups".* FROM "groups" INNER JOIN "groups_users" ON "groups"."id" = "groups_users"."group_id" WHERE "groups_users"."user_id" = 1[0m
  [1m[35mPermission Load (0.2ms)[0m  SELECT "permissions".* FROM "permissions" WHERE "permissions"."group_id" IN (1) AND "permissions"."folder_id" = 1
  [1m[36mGroup Load (0.2ms)[0m  [1mSELECT "groups".* FROM "groups" INNER JOIN "groups_users" ON "groups"."id" = "groups_users"."group_id" WHERE "groups_users"."user_id" = 1 AND "groups"."name" = 'Admins' LIMIT 1[0m
  [1m[35mFolder Load (0.2ms)[0m  SELECT "folders".* FROM "folders" WHERE "folders"."parent_id" = 1 ORDER BY name
  [1m[36mUserFile Load (0.3ms)[0m  [1mSELECT "user_files".* FROM "user_files" WHERE "user_files"."folder_id" = 1 ORDER BY attachment_file_name[0m
  [1m[35mCACHE (0.0ms)[0m  SELECT "permissions".* FROM "permissions" WHERE "permissions"."group_id" IN (1) AND "permissions"."folder_id" = 1
  [1m[36mFolder Load (0.2ms)[0m  [1mSELECT "folders".* FROM "folders" WHERE "folders"."id" = 1 LIMIT 1[0m
  [1m[35mCACHE (0.0ms)[0m  SELECT "permissions".* FROM "permissions" WHERE "permissions"."group_id" IN (1) AND "permissions"."folder_id" = 1
  [1m[36mCACHE (0.0ms)[0m  [1mSELECT "permissions".* FROM "permissions" WHERE "permissions"."group_id" IN (1) AND "permissions"."folder_id" = 1[0m
  [1m[35mCACHE (0.0ms)[0m  SELECT "groups".* FROM "groups" INNER JOIN "groups_users" ON "groups"."id" = "groups_users"."group_id" WHERE "groups_users"."user_id" = 1 AND "groups"."name" = 'Admins' LIMIT 1
  [1m[36mPermission Load (0.2ms)[0m  [1mSELECT "permissions".* FROM "permissions" WHERE "permissions"."folder_id" = 1[0m
  [1m[35mGroup Load (0.1ms)[0m  SELECT "groups".* FROM "groups" WHERE "groups"."id" = 1 LIMIT 1
  Rendered permissions/_form.html.erb (3.1ms)
  Rendered clipboard/_clipboard_empty.en.html.erb (0.1ms)
  Rendered clipboard/_show.html.erb (0.6ms)
  Rendered folders/show.html.erb within layouts/application (22.7ms)
  Rendered shared/_header.html.erb (0.9ms)
  [1m[36mCACHE (0.0ms)[0m  [1mSELECT "groups".* FROM "groups" INNER JOIN "groups_users" ON "groups"."id" = "groups_users"."group_id" WHERE "groups_users"."user_id" = 1 AND "groups"."name" = 'Admins' LIMIT 1[0m
  Rendered shared/_menu.html.erb (2.0ms)
  Rendered shared/_footer.html.erb (0.0ms)
Completed 200 OK in 44ms (Views: 40.1ms | ActiveRecord: 2.2ms)


Started GET "/assets/application.css?body=1" for 127.0.0.1 at 2013-05-06 15:53:46 +0530
Served asset /application.css - 304 Not Modified (0ms)


Started GET "/assets/jquery_ujs.js?body=1" for 127.0.0.1 at 2013-05-06 15:53:46 +0530
Served asset /jquery_ujs.js - 304 Not Modified (5ms)


Started GET "/assets/jquery-fileupload/vendor/jquery.ui.widget.js?body=1" for 127.0.0.1 at 2013-05-06 15:53:46 +0530
Served asset /jquery-fileupload/vendor/jquery.ui.widget.js - 304 Not Modified (2ms)


Started GET "/assets/jquery.js?body=1" for 127.0.0.1 at 2013-05-06 15:53:46 +0530
Served asset /jquery.js - 304 Not Modified (0ms)


Started GET "/assets/jquery-fileupload/jquery.fileupload.js?body=1" for 127.0.0.1 at 2013-05-06 15:53:46 +0530
Served asset /jquery-fileupload/jquery.fileupload.js - 304 Not Modified (1ms)


Started GET "/assets/jquery-fileupload/jquery.iframe-transport.js?body=1" for 127.0.0.1 at 2013-05-06 15:53:46 +0530
Served asset /jquery-fileupload/jquery.iframe-transport.js - 304 Not Modified (0ms)


Started GET "/assets/jquery-fileupload/basic.js?body=1" for 127.0.0.1 at 2013-05-06 15:53:46 +0530
Served asset /jquery-fileupload/basic.js - 304 Not Modified (0ms)


Started GET "/assets/application.js?body=1" for 127.0.0.1 at 2013-05-06 15:53:46 +0530
Served asset /application.js - 304 Not Modified (2ms)


Started GET "/assets/files.js?body=1" for 127.0.0.1 at 2013-05-06 15:53:46 +0530
Served asset /files.js - 304 Not Modified (0ms)


Started GET "/assets/jquery-fileupload/vendor/tmpl.js?body=1" for 127.0.0.1 at 2013-05-06 15:53:46 +0530
Served asset /jquery-fileupload/vendor/tmpl.js - 304 Not Modified (39ms)


Started GET "/files/1/share_links/new" for 127.0.0.1 at 2013-05-06 15:53:51 +0530
Processing by ShareLinksController#new as HTML
  Parameters: {"file_id"=>"1"}
  [1m[35mUser Load (0.3ms)[0m  SELECT "users".* FROM "users" WHERE "users"."is_admin" = 't' LIMIT 1
  [1m[36mUser Load (0.2ms)[0m  [1mSELECT "users".* FROM "users" WHERE "users"."id" = 1 LIMIT 1[0m
  [1m[35mUserFile Load (0.1ms)[0m  SELECT "user_files".* FROM "user_files" WHERE "user_files"."id" = ? LIMIT 1  [["id", "1"]]
  [1m[36mFolder Load (0.1ms)[0m  [1mSELECT "folders".* FROM "folders" WHERE "folders"."id" = 1 LIMIT 1[0m
  Rendered share_links/new.html.erb within layouts/application (6.9ms)
  Rendered shared/_header.html.erb (0.8ms)
  [1m[35mGroup Load (0.2ms)[0m  SELECT "groups".* FROM "groups" INNER JOIN "groups_users" ON "groups"."id" = "groups_users"."group_id" WHERE "groups_users"."user_id" = 1 AND "groups"."name" = 'Admins' LIMIT 1
  Rendered shared/_menu.html.erb (2.4ms)
  Rendered shared/_footer.html.erb (0.0ms)
Completed 200 OK in 43ms (Views: 25.9ms | ActiveRecord: 1.2ms)


Started GET "/assets/application.css?body=1" for 127.0.0.1 at 2013-05-06 15:53:51 +0530
Served asset /application.css - 304 Not Modified (0ms)


Started GET "/assets/jquery.js?body=1" for 127.0.0.1 at 2013-05-06 15:53:51 +0530
Served asset /jquery.js - 304 Not Modified (1ms)


Started GET "/assets/jquery_ujs.js?body=1" for 127.0.0.1 at 2013-05-06 15:53:51 +0530
Served asset /jquery_ujs.js - 304 Not Modified (0ms)


Started GET "/assets/jquery-fileupload/jquery.iframe-transport.js?body=1" for 127.0.0.1 at 2013-05-06 15:53:51 +0530
Served asset /jquery-fileupload/jquery.iframe-transport.js - 304 Not Modified (0ms)


Started GET "/assets/jquery-fileupload/vendor/jquery.ui.widget.js?body=1" for 127.0.0.1 at 2013-05-06 15:53:51 +0530
Served asset /jquery-fileupload/vendor/jquery.ui.widget.js - 304 Not Modified (0ms)


Started GET "/assets/jquery-fileupload/vendor/tmpl.js?body=1" for 127.0.0.1 at 2013-05-06 15:53:51 +0530
Served asset /jquery-fileupload/vendor/tmpl.js - 304 Not Modified (0ms)


Started GET "/assets/jquery-fileupload/basic.js?body=1" for 127.0.0.1 at 2013-05-06 15:53:51 +0530
Served asset /jquery-fileupload/basic.js - 304 Not Modified (0ms)


Started GET "/assets/jquery-fileupload/jquery.fileupload.js?body=1" for 127.0.0.1 at 2013-05-06 15:53:51 +0530
Served asset /jquery-fileupload/jquery.fileupload.js - 304 Not Modified (0ms)


Started GET "/assets/application.js?body=1" for 127.0.0.1 at 2013-05-06 15:53:51 +0530
Served asset /application.js - 304 Not Modified (5ms)


Started GET "/assets/files.js?body=1" for 127.0.0.1 at 2013-05-06 15:53:51 +0530
Served asset /files.js - 304 Not Modified (0ms)


Started GET "/folders/1" for 127.0.0.1 at 2013-05-06 15:53:56 +0530
Processing by FoldersController#show as HTML
  Parameters: {"id"=>"1"}
  [1m[36mUser Load (0.2ms)[0m  [1mSELECT "users".* FROM "users" WHERE "users"."is_admin" = 't' LIMIT 1[0m
  [1m[35mUser Load (0.2ms)[0m  SELECT "users".* FROM "users" WHERE "users"."id" = 1 LIMIT 1
  [1m[36mFolder Load (0.1ms)[0m  [1mSELECT "folders".* FROM "folders" WHERE "folders"."id" = ? LIMIT 1[0m  [["id", "1"]]
  [1m[35mGroup Load (0.2ms)[0m  SELECT "groups".* FROM "groups" INNER JOIN "groups_users" ON "groups"."id" = "groups_users"."group_id" WHERE "groups_users"."user_id" = 1
  [1m[36mPermission Load (0.1ms)[0m  [1mSELECT "permissions".* FROM "permissions" WHERE "permissions"."group_id" IN (1) AND "permissions"."folder_id" = 1[0m
  [1m[35mGroup Load (0.2ms)[0m  SELECT "groups".* FROM "groups" INNER JOIN "groups_users" ON "groups"."id" = "groups_users"."group_id" WHERE "groups_users"."user_id" = 1 AND "groups"."name" = 'Admins' LIMIT 1
  [1m[36mFolder Load (0.2ms)[0m  [1mSELECT "folders".* FROM "folders" WHERE "folders"."parent_id" = 1 ORDER BY name[0m
  [1m[35mUserFile Load (0.1ms)[0m  SELECT "user_files".* FROM "user_files" WHERE "user_files"."folder_id" = 1 ORDER BY attachment_file_name
  [1m[36mCACHE (0.0ms)[0m  [1mSELECT "permissions".* FROM "permissions" WHERE "permissions"."group_id" IN (1) AND "permissions"."folder_id" = 1[0m
  [1m[35mFolder Load (0.1ms)[0m  SELECT "folders".* FROM "folders" WHERE "folders"."id" = 1 LIMIT 1
  [1m[36mCACHE (0.0ms)[0m  [1mSELECT "permissions".* FROM "permissions" WHERE "permissions"."group_id" IN (1) AND "permissions"."folder_id" = 1[0m
  [1m[35mCACHE (0.0ms)[0m  SELECT "permissions".* FROM "permissions" WHERE "permissions"."group_id" IN (1) AND "permissions"."folder_id" = 1
  [1m[36mCACHE (0.0ms)[0m  [1mSELECT "groups".* FROM "groups" INNER JOIN "groups_users" ON "groups"."id" = "groups_users"."group_id" WHERE "groups_users"."user_id" = 1 AND "groups"."name" = 'Admins' LIMIT 1[0m
  [1m[35mPermission Load (0.2ms)[0m  SELECT "permissions".* FROM "permissions" WHERE "permissions"."folder_id" = 1
  [1m[36mGroup Load (0.1ms)[0m  [1mSELECT "groups".* FROM "groups" WHERE "groups"."id" = 1 LIMIT 1[0m
  Rendered permissions/_form.html.erb (2.9ms)
  Rendered clipboard/_clipboard_empty.en.html.erb (0.1ms)
  Rendered clipboard/_show.html.erb (0.6ms)
  Rendered folders/show.html.erb within layouts/application (20.0ms)
  Rendered shared/_header.html.erb (1.0ms)
  [1m[35mCACHE (0.0ms)[0m  SELECT "groups".* FROM "groups" INNER JOIN "groups_users" ON "groups"."id" = "groups_users"."group_id" WHERE "groups_users"."user_id" = 1 AND "groups"."name" = 'Admins' LIMIT 1
  Rendered shared/_menu.html.erb (2.1ms)
  Rendered shared/_footer.html.erb (0.0ms)
Completed 200 OK in 76ms (Views: 71.0ms | ActiveRecord: 1.9ms)


Started GET "/assets/application.css?body=1" for 127.0.0.1 at 2013-05-06 15:53:56 +0530
Served asset /application.css - 304 Not Modified (2ms)


Started GET "/assets/jquery.js?body=1" for 127.0.0.1 at 2013-05-06 15:53:56 +0530
Served asset /jquery.js - 304 Not Modified (0ms)


Started GET "/assets/jquery-fileupload/vendor/jquery.ui.widget.js?body=1" for 127.0.0.1 at 2013-05-06 15:53:56 +0530
Served asset /jquery-fileupload/vendor/jquery.ui.widget.js - 304 Not Modified (0ms)


Started GET "/assets/jquery-fileupload/basic.js?body=1" for 127.0.0.1 at 2013-05-06 15:53:56 +0530
Served asset /jquery-fileupload/basic.js - 304 Not Modified (5ms)


Started GET "/assets/jquery_ujs.js?body=1" for 127.0.0.1 at 2013-05-06 15:53:56 +0530
Served asset /jquery_ujs.js - 304 Not Modified (2ms)


Started GET "/assets/jquery-fileupload/vendor/tmpl.js?body=1" for 127.0.0.1 at 2013-05-06 15:53:56 +0530
Served asset /jquery-fileupload/vendor/tmpl.js - 304 Not Modified (0ms)


Started GET "/assets/jquery-fileupload/jquery.iframe-transport.js?body=1" for 127.0.0.1 at 2013-05-06 15:53:56 +0530
Served asset /jquery-fileupload/jquery.iframe-transport.js - 304 Not Modified (1ms)


Started GET "/assets/files.js?body=1" for 127.0.0.1 at 2013-05-06 15:53:56 +0530
Served asset /files.js - 304 Not Modified (0ms)


Started GET "/assets/jquery-fileupload/jquery.fileupload.js?body=1" for 127.0.0.1 at 2013-05-06 15:53:56 +0530
Served asset /jquery-fileupload/jquery.fileupload.js - 304 Not Modified (0ms)


Started GET "/assets/application.js?body=1" for 127.0.0.1 at 2013-05-06 15:53:56 +0530
Served asset /application.js - 304 Not Modified (2ms)


Started GET "/users" for 127.0.0.1 at 2013-05-06 15:53:57 +0530
Processing by UsersController#index as HTML
  [1m[36mUser Load (0.2ms)[0m  [1mSELECT "users".* FROM "users" WHERE "users"."is_admin" = 't' LIMIT 1[0m
  [1m[35mUser Load (0.1ms)[0m  SELECT "users".* FROM "users" WHERE "users"."id" = 1 LIMIT 1
  [1m[36mGroup Load (0.1ms)[0m  [1mSELECT "groups".* FROM "groups" INNER JOIN "groups_users" ON "groups"."id" = "groups_users"."group_id" WHERE "groups_users"."user_id" = 1 AND "groups"."name" = 'Admins' LIMIT 1[0m
  [1m[35mUser Load (0.2ms)[0m  SELECT "users".* FROM "users" WHERE (name IS NOT NULL) ORDER BY name
  [1m[36m (0.1ms)[0m  [1mSELECT COUNT(*) FROM "users" WHERE (name IS NULL)[0m
  Rendered users/index.html.erb within layouts/application (3.9ms)
  Rendered shared/_header.html.erb (0.8ms)
  [1m[35mCACHE (0.0ms)[0m  SELECT "groups".* FROM "groups" INNER JOIN "groups_users" ON "groups"."id" = "groups_users"."group_id" WHERE "groups_users"."user_id" = 1 AND "groups"."name" = 'Admins' LIMIT 1
  Rendered shared/_menu.html.erb (2.0ms)
  Rendered shared/_footer.html.erb (0.0ms)
Completed 200 OK in 26ms (Views: 22.2ms | ActiveRecord: 0.8ms)


Started GET "/assets/application.css?body=1" for 127.0.0.1 at 2013-05-06 15:53:57 +0530
Served asset /application.css - 304 Not Modified (0ms)


Started GET "/assets/jquery.js?body=1" for 127.0.0.1 at 2013-05-06 15:53:57 +0530
Served asset /jquery.js - 304 Not Modified (0ms)


Started GET "/assets/jquery_ujs.js?body=1" for 127.0.0.1 at 2013-05-06 15:53:57 +0530
Served asset /jquery_ujs.js - 304 Not Modified (2ms)


Started GET "/assets/jquery-fileupload/jquery.fileupload.js?body=1" for 127.0.0.1 at 2013-05-06 15:53:57 +0530
Served asset /jquery-fileupload/jquery.fileupload.js - 304 Not Modified (0ms)


Started GET "/assets/jquery-fileupload/jquery.iframe-transport.js?body=1" for 127.0.0.1 at 2013-05-06 15:53:57 +0530
Served asset /jquery-fileupload/jquery.iframe-transport.js - 304 Not Modified (0ms)


Started GET "/assets/jquery-fileupload/basic.js?body=1" for 127.0.0.1 at 2013-05-06 15:53:57 +0530
Served asset /jquery-fileupload/basic.js - 304 Not Modified (0ms)


Started GET "/assets/jquery-fileupload/vendor/jquery.ui.widget.js?body=1" for 127.0.0.1 at 2013-05-06 15:53:58 +0530
Served asset /jquery-fileupload/vendor/jquery.ui.widget.js - 304 Not Modified (1ms)


Started GET "/assets/jquery-fileupload/vendor/tmpl.js?body=1" for 127.0.0.1 at 2013-05-06 15:53:58 +0530
Served asset /jquery-fileupload/vendor/tmpl.js - 304 Not Modified (0ms)


Started GET "/assets/files.js?body=1" for 127.0.0.1 at 2013-05-06 15:53:58 +0530
Served asset /files.js - 304 Not Modified (0ms)


Started GET "/assets/user_add.png" for 127.0.0.1 at 2013-05-06 15:53:58 +0530
Served asset /user_add.png - 200 OK (5ms)


Started GET "/assets/application.js?body=1" for 127.0.0.1 at 2013-05-06 15:53:58 +0530
Served asset /application.js - 304 Not Modified (2ms)


Started GET "/assets/user.png" for 127.0.0.1 at 2013-05-06 15:53:58 +0530
Served asset /user.png - 200 OK (46ms)


Started GET "/share_links" for 127.0.0.1 at 2013-05-06 15:53:58 +0530
Processing by ShareLinksController#index as HTML
  [1m[36mUser Load (0.2ms)[0m  [1mSELECT "users".* FROM "users" WHERE "users"."is_admin" = 't' LIMIT 1[0m
  [1m[35mUser Load (0.1ms)[0m  SELECT "users".* FROM "users" WHERE "users"."id" = 1 LIMIT 1
  [1m[36mGroup Load (0.1ms)[0m  [1mSELECT "groups".* FROM "groups" INNER JOIN "groups_users" ON "groups"."id" = "groups_users"."group_id" WHERE "groups_users"."user_id" = 1 AND "groups"."name" = 'Admins' LIMIT 1[0m
  [1m[35mShareLink Load (0.2ms)[0m  SELECT "share_links".* FROM "share_links" WHERE (link_expires_at >= '2013-05-06 10:23:58') ORDER BY link_expires_at
  Rendered share_links/index.html.erb within layouts/application (1.8ms)
  Rendered shared/_header.html.erb (0.9ms)
  [1m[36mCACHE (0.0ms)[0m  [1mSELECT "groups".* FROM "groups" INNER JOIN "groups_users" ON "groups"."id" = "groups_users"."group_id" WHERE "groups_users"."user_id" = 1 AND "groups"."name" = 'Admins' LIMIT 1[0m
  Rendered shared/_menu.html.erb (2.1ms)
  Rendered shared/_footer.html.erb (0.0ms)
Completed 200 OK in 36ms (Views: 20.8ms | ActiveRecord: 0.6ms)


Started GET "/assets/application.css?body=1" for 127.0.0.1 at 2013-05-06 15:53:58 +0530
Served asset /application.css - 304 Not Modified (0ms)


Started GET "/assets/jquery.js?body=1" for 127.0.0.1 at 2013-05-06 15:53:58 +0530
Served asset /jquery.js - 304 Not Modified (1ms)


Started GET "/assets/jquery_ujs.js?body=1" for 127.0.0.1 at 2013-05-06 15:53:58 +0530
Served asset /jquery_ujs.js - 304 Not Modified (0ms)


Started GET "/assets/jquery-fileupload/vendor/jquery.ui.widget.js?body=1" for 127.0.0.1 at 2013-05-06 15:53:58 +0530
Served asset /jquery-fileupload/vendor/jquery.ui.widget.js - 304 Not Modified (5ms)


Started GET "/assets/jquery-fileupload/jquery.fileupload.js?body=1" for 127.0.0.1 at 2013-05-06 15:53:58 +0530
Served asset /jquery-fileupload/jquery.fileupload.js - 304 Not Modified (0ms)


Started GET "/assets/jquery-fileupload/jquery.iframe-transport.js?body=1" for 127.0.0.1 at 2013-05-06 15:53:58 +0530
Served asset /jquery-fileupload/jquery.iframe-transport.js - 304 Not Modified (0ms)


Started GET "/assets/jquery-fileupload/basic.js?body=1" for 127.0.0.1 at 2013-05-06 15:53:58 +0530
Served asset /jquery-fileupload/basic.js - 304 Not Modified (0ms)


Started GET "/assets/jquery-fileupload/vendor/tmpl.js?body=1" for 127.0.0.1 at 2013-05-06 15:53:58 +0530
Served asset /jquery-fileupload/vendor/tmpl.js - 304 Not Modified (0ms)


Started GET "/assets/files.js?body=1" for 127.0.0.1 at 2013-05-06 15:53:58 +0530
Served asset /files.js - 304 Not Modified (0ms)


Started GET "/assets/application.js?body=1" for 127.0.0.1 at 2013-05-06 15:53:58 +0530
Served asset /application.js - 304 Not Modified (3ms)


Started GET "/folders" for 127.0.0.1 at 2013-05-06 15:53:59 +0530
Processing by FoldersController#index as HTML
  [1m[35mUser Load (1.2ms)[0m  SELECT "users".* FROM "users" WHERE "users"."is_admin" = 't' LIMIT 1
  [1m[36mUser Load (0.1ms)[0m  [1mSELECT "users".* FROM "users" WHERE "users"."id" = 1 LIMIT 1[0m
Redirected to http://localhost:4000/folders/1
Completed 302 Found in 4ms (ActiveRecord: 1.3ms)


Started GET "/folders/1" for 127.0.0.1 at 2013-05-06 15:53:59 +0530
Processing by FoldersController#show as HTML
  Parameters: {"id"=>"1"}
  [1m[35mUser Load (0.2ms)[0m  SELECT "users".* FROM "users" WHERE "users"."is_admin" = 't' LIMIT 1
  [1m[36mUser Load (0.1ms)[0m  [1mSELECT "users".* FROM "users" WHERE "users"."id" = 1 LIMIT 1[0m
  [1m[35mFolder Load (0.1ms)[0m  SELECT "folders".* FROM "folders" WHERE "folders"."id" = ? LIMIT 1  [["id", "1"]]
  [1m[36mGroup Load (0.2ms)[0m  [1mSELECT "groups".* FROM "groups" INNER JOIN "groups_users" ON "groups"."id" = "groups_users"."group_id" WHERE "groups_users"."user_id" = 1[0m
  [1m[35mPermission Load (0.1ms)[0m  SELECT "permissions".* FROM "permissions" WHERE "permissions"."group_id" IN (1) AND "permissions"."folder_id" = 1
  [1m[36mGroup Load (0.2ms)[0m  [1mSELECT "groups".* FROM "groups" INNER JOIN "groups_users" ON "groups"."id" = "groups_users"."group_id" WHERE "groups_users"."user_id" = 1 AND "groups"."name" = 'Admins' LIMIT 1[0m
  [1m[35mFolder Load (0.2ms)[0m  SELECT "folders".* FROM "folders" WHERE "folders"."parent_id" = 1 ORDER BY name
  [1m[36mUserFile Load (0.1ms)[0m  [1mSELECT "user_files".* FROM "user_files" WHERE "user_files"."folder_id" = 1 ORDER BY attachment_file_name[0m
  [1m[35mCACHE (0.0ms)[0m  SELECT "permissions".* FROM "permissions" WHERE "permissions"."group_id" IN (1) AND "permissions"."folder_id" = 1
  [1m[36mFolder Load (0.2ms)[0m  [1mSELECT "folders".* FROM "folders" WHERE "folders"."id" = 1 LIMIT 1[0m
  [1m[35mCACHE (0.0ms)[0m  SELECT "permissions".* FROM "permissions" WHERE "permissions"."group_id" IN (1) AND "permissions"."folder_id" = 1
  [1m[36mCACHE (0.0ms)[0m  [1mSELECT "permissions".* FROM "permissions" WHERE "permissions"."group_id" IN (1) AND "permissions"."folder_id" = 1[0m
  [1m[35mCACHE (0.0ms)[0m  SELECT "groups".* FROM "groups" INNER JOIN "groups_users" ON "groups"."id" = "groups_users"."group_id" WHERE "groups_users"."user_id" = 1 AND "groups"."name" = 'Admins' LIMIT 1
  [1m[36mPermission Load (0.2ms)[0m  [1mSELECT "permissions".* FROM "permissions" WHERE "permissions"."folder_id" = 1[0m
  [1m[35mGroup Load (0.1ms)[0m  SELECT "groups".* FROM "groups" WHERE "groups"."id" = 1 LIMIT 1
  Rendered permissions/_form.html.erb (3.0ms)
  Rendered clipboard/_clipboard_empty.en.html.erb (0.1ms)
  Rendered clipboard/_show.html.erb (0.6ms)
  Rendered folders/show.html.erb within layouts/application (25.1ms)
  Rendered shared/_header.html.erb (0.8ms)
  [1m[36mCACHE (0.0ms)[0m  [1mSELECT "groups".* FROM "groups" INNER JOIN "groups_users" ON "groups"."id" = "groups_users"."group_id" WHERE "groups_users"."user_id" = 1 AND "groups"."name" = 'Admins' LIMIT 1[0m
  Rendered shared/_menu.html.erb (2.1ms)
  Rendered shared/_footer.html.erb (0.0ms)
Completed 200 OK in 45ms (Views: 41.9ms | ActiveRecord: 1.7ms)


Started GET "/assets/application.css?body=1" for 127.0.0.1 at 2013-05-06 15:53:59 +0530
Served asset /application.css - 304 Not Modified (0ms)


Started GET "/assets/jquery.js?body=1" for 127.0.0.1 at 2013-05-06 15:53:59 +0530
Served asset /jquery.js - 304 Not Modified (1ms)


Started GET "/assets/jquery-fileupload/vendor/jquery.ui.widget.js?body=1" for 127.0.0.1 at 2013-05-06 15:53:59 +0530
Served asset /jquery-fileupload/vendor/jquery.ui.widget.js - 304 Not Modified (53ms)


Started GET "/assets/jquery_ujs.js?body=1" for 127.0.0.1 at 2013-05-06 15:53:59 +0530
Served asset /jquery_ujs.js - 304 Not Modified (1ms)


Started GET "/assets/jquery-fileupload/jquery.iframe-transport.js?body=1" for 127.0.0.1 at 2013-05-06 15:53:59 +0530
Served asset /jquery-fileupload/jquery.iframe-transport.js - 304 Not Modified (0ms)


Started GET "/assets/jquery-fileupload/jquery.fileupload.js?body=1" for 127.0.0.1 at 2013-05-06 15:53:59 +0530
Served asset /jquery-fileupload/jquery.fileupload.js - 304 Not Modified (0ms)


Started GET "/assets/jquery-fileupload/vendor/tmpl.js?body=1" for 127.0.0.1 at 2013-05-06 15:53:59 +0530
Served asset /jquery-fileupload/vendor/tmpl.js - 304 Not Modified (0ms)


Started GET "/assets/jquery-fileupload/basic.js?body=1" for 127.0.0.1 at 2013-05-06 15:53:59 +0530
Served asset /jquery-fileupload/basic.js - 304 Not Modified (0ms)


Started GET "/assets/application.js?body=1" for 127.0.0.1 at 2013-05-06 15:53:59 +0530
Served asset /application.js - 304 Not Modified (4ms)


Started GET "/assets/files.js?body=1" for 127.0.0.1 at 2013-05-06 15:53:59 +0530
Served asset /files.js - 304 Not Modified (0ms)


Started GET "/folders/1/files/new" for 127.0.0.1 at 2013-05-06 15:54:02 +0530
Processing by FilesController#new as HTML
  Parameters: {"folder_id"=>"1"}
  [1m[35mUser Load (0.3ms)[0m  SELECT "users".* FROM "users" WHERE "users"."is_admin" = 't' LIMIT 1
  [1m[36mUser Load (0.1ms)[0m  [1mSELECT "users".* FROM "users" WHERE "users"."id" = 1 LIMIT 1[0m
  [1m[35mFolder Load (0.1ms)[0m  SELECT "folders".* FROM "folders" WHERE "folders"."id" = ? LIMIT 1  [["id", "1"]]
  [1m[36mGroup Load (0.1ms)[0m  [1mSELECT "groups".* FROM "groups" INNER JOIN "groups_users" ON "groups"."id" = "groups_users"."group_id" WHERE "groups_users"."user_id" = 1[0m
  [1m[35mPermission Load (0.1ms)[0m  SELECT "permissions".* FROM "permissions" WHERE "permissions"."group_id" IN (1) AND "permissions"."folder_id" = 1
  Rendered files/new.html.erb within layouts/application (2.5ms)
  Rendered shared/_header.html.erb (0.8ms)
  [1m[36mGroup Load (0.2ms)[0m  [1mSELECT "groups".* FROM "groups" INNER JOIN "groups_users" ON "groups"."id" = "groups_users"."group_id" WHERE "groups_users"."user_id" = 1 AND "groups"."name" = 'Admins' LIMIT 1[0m
  Rendered shared/_menu.html.erb (2.2ms)
  Rendered shared/_footer.html.erb (0.0ms)
Completed 200 OK in 28ms (Views: 22.3ms | ActiveRecord: 1.0ms)


Started GET "/assets/jquery.js?body=1" for 127.0.0.1 at 2013-05-06 15:54:02 +0530
Served asset /jquery.js - 304 Not Modified (0ms)


Started GET "/assets/application.css?body=1" for 127.0.0.1 at 2013-05-06 15:54:02 +0530
Served asset /application.css - 304 Not Modified (0ms)


Started GET "/assets/jquery-fileupload/vendor/jquery.ui.widget.js?body=1" for 127.0.0.1 at 2013-05-06 15:54:02 +0530
Served asset /jquery-fileupload/vendor/jquery.ui.widget.js - 304 Not Modified (8ms)


Started GET "/assets/jquery-fileupload/jquery.iframe-transport.js?body=1" for 127.0.0.1 at 2013-05-06 15:54:02 +0530
Served asset /jquery-fileupload/jquery.iframe-transport.js - 304 Not Modified (0ms)


Started GET "/assets/jquery-fileupload/jquery.fileupload.js?body=1" for 127.0.0.1 at 2013-05-06 15:54:02 +0530
Served asset /jquery-fileupload/jquery.fileupload.js - 304 Not Modified (0ms)


Started GET "/assets/jquery-fileupload/vendor/tmpl.js?body=1" for 127.0.0.1 at 2013-05-06 15:54:02 +0530
Served asset /jquery-fileupload/vendor/tmpl.js - 304 Not Modified (0ms)


Started GET "/assets/jquery_ujs.js?body=1" for 127.0.0.1 at 2013-05-06 15:54:02 +0530
Served asset /jquery_ujs.js - 304 Not Modified (1ms)


Started GET "/assets/jquery-fileupload/basic.js?body=1" for 127.0.0.1 at 2013-05-06 15:54:02 +0530
Served asset /jquery-fileupload/basic.js - 304 Not Modified (2ms)


Started GET "/assets/application.js?body=1" for 127.0.0.1 at 2013-05-06 15:54:02 +0530
Served asset /application.js - 304 Not Modified (2ms)


Started GET "/assets/files.js?body=1" for 127.0.0.1 at 2013-05-06 15:54:02 +0530
Served asset /files.js - 304 Not Modified (0ms)


Started GET "/users/1/edit" for 127.0.0.1 at 2013-05-06 15:54:06 +0530
Processing by UsersController#edit as HTML
  Parameters: {"id"=>"1"}
  [1m[35mUser Load (0.3ms)[0m  SELECT "users".* FROM "users" WHERE "users"."is_admin" = 't' LIMIT 1
  [1m[36mUser Load (0.3ms)[0m  [1mSELECT "users".* FROM "users" WHERE "users"."id" = 1 LIMIT 1[0m
  [1m[35mGroup Load (0.4ms)[0m  SELECT "groups".* FROM "groups" INNER JOIN "groups_users" ON "groups"."id" = "groups_users"."group_id" WHERE "groups_users"."user_id" = 1 AND "groups"."name" = 'Admins' LIMIT 1
  [1m[36mCACHE (0.0ms)[0m  [1mSELECT "groups".* FROM "groups" INNER JOIN "groups_users" ON "groups"."id" = "groups_users"."group_id" WHERE "groups_users"."user_id" = 1 AND "groups"."name" = 'Admins' LIMIT 1[0m
  [1m[35mGroup Load (0.2ms)[0m  SELECT "groups".* FROM "groups" 
  Rendered users/_form.html.erb (7.3ms)
  Rendered users/edit.html.erb within layouts/application (8.4ms)
  Rendered shared/_header.html.erb (1.1ms)
  [1m[36mCACHE (0.0ms)[0m  [1mSELECT "groups".* FROM "groups" INNER JOIN "groups_users" ON "groups"."id" = "groups_users"."group_id" WHERE "groups_users"."user_id" = 1 AND "groups"."name" = 'Admins' LIMIT 1[0m
  Rendered shared/_menu.html.erb (2.1ms)
  Rendered shared/_footer.html.erb (0.0ms)
Completed 200 OK in 66ms (Views: 60.1ms | ActiveRecord: 1.2ms)


Started GET "/assets/application.css?body=1" for 127.0.0.1 at 2013-05-06 15:54:07 +0530
Served asset /application.css - 304 Not Modified (0ms)


Started GET "/assets/jquery.js?body=1" for 127.0.0.1 at 2013-05-06 15:54:07 +0530
Served asset /jquery.js - 304 Not Modified (0ms)


Started GET "/assets/jquery_ujs.js?body=1" for 127.0.0.1 at 2013-05-06 15:54:07 +0530
Served asset /jquery_ujs.js - 304 Not Modified (0ms)


Started GET "/assets/jquery-fileupload/vendor/jquery.ui.widget.js?body=1" for 127.0.0.1 at 2013-05-06 15:54:07 +0530
Served asset /jquery-fileupload/vendor/jquery.ui.widget.js - 304 Not Modified (2ms)


Started GET "/assets/jquery-fileupload/vendor/tmpl.js?body=1" for 127.0.0.1 at 2013-05-06 15:54:07 +0530
Served asset /jquery-fileupload/vendor/tmpl.js - 304 Not Modified (0ms)


Started GET "/assets/jquery-fileupload/basic.js?body=1" for 127.0.0.1 at 2013-05-06 15:54:07 +0530
Served asset /jquery-fileupload/basic.js - 304 Not Modified (4ms)


Started GET "/assets/jquery-fileupload/jquery.fileupload.js?body=1" for 127.0.0.1 at 2013-05-06 15:54:07 +0530
Served asset /jquery-fileupload/jquery.fileupload.js - 304 Not Modified (0ms)


Started GET "/assets/jquery-fileupload/jquery.iframe-transport.js?body=1" for 127.0.0.1 at 2013-05-06 15:54:07 +0530
Served asset /jquery-fileupload/jquery.iframe-transport.js - 304 Not Modified (0ms)


Started GET "/assets/application.js?body=1" for 127.0.0.1 at 2013-05-06 15:54:07 +0530
Served asset /application.js - 304 Not Modified (2ms)


Started GET "/assets/files.js?body=1" for 127.0.0.1 at 2013-05-06 15:54:07 +0530
Served asset /files.js - 304 Not Modified (0ms)


Started DELETE "/signout" for 127.0.0.1 at 2013-05-06 15:54:12 +0530
Processing by SessionsController#destroy as HTML
  Parameters: {"authenticity_token"=>"/asdCpkX1222fDfcioEkAeIhQcp8Bs6qkybXPbdQosI="}
  [1m[35mUser Load (0.2ms)[0m  SELECT "users".* FROM "users" WHERE "users"."is_admin" = 't' LIMIT 1
  [1m[36mUser Load (0.2ms)[0m  [1mSELECT "users".* FROM "users" WHERE "users"."id" = 1 LIMIT 1[0m
  [1m[35m (0.1ms)[0m  begin transaction
  [1m[36m (0.7ms)[0m  [1mUPDATE "users" SET "signup_token" = NULL, "signup_token_expires_at" = NULL, "updated_at" = '2013-05-06 10:24:12.524232' WHERE "users"."id" = 1[0m
  [1m[35m (59.0ms)[0m  commit transaction
Redirected to http://localhost:4000/sessions/new
Completed 302 Found in 68ms (ActiveRecord: 60.2ms)


Started GET "/sessions/new" for 127.0.0.1 at 2013-05-06 15:54:12 +0530
Processing by SessionsController#new as HTML
  [1m[36mUser Load (0.2ms)[0m  [1mSELECT "users".* FROM "users" WHERE "users"."is_admin" = 't' LIMIT 1[0m
  Rendered sessions/new.html.erb within layouts/application (1.4ms)
  [1m[35mUser Load (0.2ms)[0m  SELECT "users".* FROM "users" WHERE "users"."id" IS NULL LIMIT 1
  Rendered shared/_header.html.erb (1.0ms)
  [1m[36mCACHE (0.0ms)[0m  [1mSELECT "users".* FROM "users" WHERE "users"."id" IS NULL LIMIT 1[0m
  Rendered shared/_menu.html.erb (0.4ms)
  Rendered shared/_footer.html.erb (0.0ms)
Completed 200 OK in 20ms (Views: 18.3ms | ActiveRecord: 0.4ms)


Started GET "/assets/application.css?body=1" for 127.0.0.1 at 2013-05-06 15:54:12 +0530
Served asset /application.css - 304 Not Modified (0ms)


Started GET "/assets/jquery.js?body=1" for 127.0.0.1 at 2013-05-06 15:54:12 +0530
Served asset /jquery.js - 304 Not Modified (0ms)


Started GET "/assets/jquery_ujs.js?body=1" for 127.0.0.1 at 2013-05-06 15:54:12 +0530
Served asset /jquery_ujs.js - 304 Not Modified (0ms)


Started GET "/assets/jquery-fileupload/vendor/jquery.ui.widget.js?body=1" for 127.0.0.1 at 2013-05-06 15:54:12 +0530
Served asset /jquery-fileupload/vendor/jquery.ui.widget.js - 304 Not Modified (0ms)


Started GET "/assets/jquery-fileupload/jquery.fileupload.js?body=1" for 127.0.0.1 at 2013-05-06 15:54:12 +0530
Served asset /jquery-fileupload/jquery.fileupload.js - 304 Not Modified (0ms)


Started GET "/assets/jquery-fileupload/jquery.iframe-transport.js?body=1" for 127.0.0.1 at 2013-05-06 15:54:12 +0530
Served asset /jquery-fileupload/jquery.iframe-transport.js - 304 Not Modified (0ms)


Started GET "/assets/jquery-fileupload/vendor/tmpl.js?body=1" for 127.0.0.1 at 2013-05-06 15:54:12 +0530
Served asset /jquery-fileupload/vendor/tmpl.js - 304 Not Modified (0ms)


Started GET "/assets/application.js?body=1" for 127.0.0.1 at 2013-05-06 15:54:12 +0530
Served asset /application.js - 304 Not Modified (4ms)


Started GET "/assets/jquery-fileupload/basic.js?body=1" for 127.0.0.1 at 2013-05-06 15:54:12 +0530
Served asset /jquery-fileupload/basic.js - 304 Not Modified (0ms)


Started GET "/assets/files.js?body=1" for 127.0.0.1 at 2013-05-06 15:54:12 +0530
Served asset /files.js - 304 Not Modified (1ms)
